\BOOKMARK [0][-]{chapter.1}{\376\377\0001\000\040\004\030\004\065\004\100\004\060\004\100\004\105\004\070\004\107\004\065\004\101\004\072\004\070\004\071\000\040\004\101\004\077\004\070\004\101\004\076\004\072\000\040\004\072\004\073\004\060\004\101\004\101\004\076\004\062}{}% 1
\BOOKMARK [1][-]{section.1.1}{\376\377\0001\000.\0001\000\040\004\030\004\065\004\100\004\060\004\100\004\105\004\070\004\117\000\040\004\072\004\073\004\060\004\101\004\101\004\076\004\062}{chapter.1}% 2
\BOOKMARK [0][-]{chapter.2}{\376\377\0002\000\040\004\020\004\073\004\104\004\060\004\062\004\070\004\102\004\075\004\113\004\071\000\040\004\103\004\072\004\060\004\067\004\060\004\102\004\065\004\073\004\114\000\040\004\072\004\073\004\060\004\101\004\101\004\076\004\062}{}% 3
\BOOKMARK [1][-]{section.2.1}{\376\377\0002\000.\0001\000\040\004\032\004\073\004\060\004\101\004\101\004\113}{chapter.2}% 4
\BOOKMARK [0][-]{chapter.3}{\376\377\0003\000\040\004\041\004\077\004\070\004\101\004\076\004\072\000\040\004\104\004\060\004\071\004\073\004\076\004\062}{}% 5
\BOOKMARK [1][-]{section.3.1}{\376\377\0003\000.\0001\000\040\004\044\004\060\004\071\004\073\004\113}{chapter.3}% 6
\BOOKMARK [0][-]{chapter.4}{\376\377\0004\000\040\004\032\004\073\004\060\004\101\004\101\004\113}{}% 7
\BOOKMARK [1][-]{section.4.1}{\376\377\0004\000.\0001\000\040\004\032\004\073\004\060\004\101\004\101\000\040\000B\000a\000s\000e\000C\000o\000n\000n\000e\000c\000t\000o\000r}{chapter.4}% 8
\BOOKMARK [2][-]{subsection.4.1.1}{\376\377\0004\000.\0001\000.\0001\000\040\004\037\004\076\004\064\004\100\004\076\004\061\004\075\004\076\004\065\000\040\004\076\004\077\004\070\004\101\004\060\004\075\004\070\004\065}{section.4.1}% 9
\BOOKMARK [2][-]{subsection.4.1.2}{\376\377\0004\000.\0001\000.\0002\000\040\004\034\004\065\004\102\004\076\004\064\004\113}{section.4.1}% 10
\BOOKMARK [3][-]{subsubsection.4.1.2.1}{\376\377\0004\000.\0001\000.\0002\000.\0001\000\040\000b\000a\000s\000e\000C\000o\000n\000n\000e\000c\000t\000i\000o\000n\000\050\000\051}{subsection.4.1.2}% 11
\BOOKMARK [3][-]{subsubsection.4.1.2.2}{\376\377\0004\000.\0001\000.\0002\000.\0002\000\040\000g\000e\000t\000\137\000d\000a\000t\000a\000\050\000\051}{subsection.4.1.2}% 12
\BOOKMARK [2][-]{subsection.4.1.3}{\376\377\0004\000.\0001\000.\0003\000\040\004\024\004\060\004\075\004\075\004\113\004\065\000\040\004\072\004\073\004\060\004\101\004\101\004\060}{section.4.1}% 13
\BOOKMARK [3][-]{subsubsection.4.1.3.1}{\376\377\0004\000.\0001\000.\0003\000.\0001\000\040\000d\000a\000t\000a\000B\000a\000s\000e}{subsection.4.1.3}% 14
\BOOKMARK [1][-]{section.4.2}{\376\377\0004\000.\0002\000\040\004\032\004\073\004\060\004\101\004\101\000\040\000C\000a\000l\000c\000u\000l\000a\000t\000o\000r}{chapter.4}% 15
\BOOKMARK [2][-]{subsection.4.2.1}{\376\377\0004\000.\0002\000.\0001\000\040\004\037\004\076\004\064\004\100\004\076\004\061\004\075\004\076\004\065\000\040\004\076\004\077\004\070\004\101\004\060\004\075\004\070\004\065}{section.4.2}% 16
\BOOKMARK [2][-]{subsection.4.2.2}{\376\377\0004\000.\0002\000.\0002\000\040\004\032\004\076\004\075\004\101\004\102\004\100\004\103\004\072\004\102\004\076\004\100\000\050\004\113\000\051}{section.4.2}% 17
\BOOKMARK [3][-]{subsubsection.4.2.2.1}{\376\377\0004\000.\0002\000.\0002\000.\0001\000\040\000C\000a\000l\000c\000u\000l\000a\000t\000o\000r\000\050\000\051}{subsection.4.2.2}% 18
\BOOKMARK [2][-]{subsection.4.2.3}{\376\377\0004\000.\0002\000.\0003\000\040\004\034\004\065\004\102\004\076\004\064\004\113}{section.4.2}% 19
\BOOKMARK [3][-]{subsubsection.4.2.3.1}{\376\377\0004\000.\0002\000.\0003\000.\0001\000\040\000s\000e\000n\000d\000R\000e\000s\000u\000l\000t\000\050\000\051}{subsection.4.2.3}% 20
\BOOKMARK [2][-]{subsection.4.2.4}{\376\377\0004\000.\0002\000.\0004\000\040\004\024\004\060\004\075\004\075\004\113\004\065\000\040\004\072\004\073\004\060\004\101\004\101\004\060}{section.4.2}% 21
\BOOKMARK [3][-]{subsubsection.4.2.4.1}{\376\377\0004\000.\0002\000.\0004\000.\0001\000\040\000f\000i\000n\000a\000l\000R\000e\000s\000u\000l\000t}{subsection.4.2.4}% 22
\BOOKMARK [1][-]{section.4.3}{\376\377\0004\000.\0003\000\040\004\032\004\073\004\060\004\101\004\101\000\040\000c\000r\000i\000t\000i\000c\000a\000l\000D\000a\000t\000a\000B\000a\000s\000e\000E\000r\000r}{chapter.4}% 23
\BOOKMARK [2][-]{subsection.4.3.1}{\376\377\0004\000.\0003\000.\0001\000\040\004\037\004\076\004\064\004\100\004\076\004\061\004\075\004\076\004\065\000\040\004\076\004\077\004\070\004\101\004\060\004\075\004\070\004\065}{section.4.3}% 24
\BOOKMARK [2][-]{subsection.4.3.2}{\376\377\0004\000.\0003\000.\0002\000\040\004\032\004\076\004\075\004\101\004\102\004\100\004\103\004\072\004\102\004\076\004\100\000\050\004\113\000\051}{section.4.3}% 25
\BOOKMARK [3][-]{subsubsection.4.3.2.1}{\376\377\0004\000.\0003\000.\0002\000.\0001\000\040\000c\000r\000i\000t\000i\000c\000a\000l\000D\000a\000t\000a\000B\000a\000s\000e\000E\000r\000r\000\050\000\051}{subsection.4.3.2}% 26
\BOOKMARK [1][-]{section.4.4}{\376\377\0004\000.\0004\000\040\004\032\004\073\004\060\004\101\004\101\000\040\000c\000r\000i\000t\000i\000c\000a\000l\000E\000r\000r}{chapter.4}% 27
\BOOKMARK [2][-]{subsection.4.4.1}{\376\377\0004\000.\0004\000.\0001\000\040\004\037\004\076\004\064\004\100\004\076\004\061\004\075\004\076\004\065\000\040\004\076\004\077\004\070\004\101\004\060\004\075\004\070\004\065}{section.4.4}% 28
\BOOKMARK [2][-]{subsection.4.4.2}{\376\377\0004\000.\0004\000.\0002\000\040\004\032\004\076\004\075\004\101\004\102\004\100\004\103\004\072\004\102\004\076\004\100\000\050\004\113\000\051}{section.4.4}% 29
\BOOKMARK [3][-]{subsubsection.4.4.2.1}{\376\377\0004\000.\0004\000.\0002\000.\0001\000\040\000c\000r\000i\000t\000i\000c\000a\000l\000E\000r\000r\000\050\000\051}{subsection.4.4.2}% 30
\BOOKMARK [1][-]{section.4.5}{\376\377\0004\000.\0005\000\040\004\032\004\073\004\060\004\101\004\101\000\040\000d\000a\000t\000a\000B\000a\000s\000e\000E\000r\000r}{chapter.4}% 31
\BOOKMARK [2][-]{subsection.4.5.1}{\376\377\0004\000.\0005\000.\0001\000\040\004\037\004\076\004\064\004\100\004\076\004\061\004\075\004\076\004\065\000\040\004\076\004\077\004\070\004\101\004\060\004\075\004\070\004\065}{section.4.5}% 32
\BOOKMARK [2][-]{subsection.4.5.2}{\376\377\0004\000.\0005\000.\0002\000\040\004\032\004\076\004\075\004\101\004\102\004\100\004\103\004\072\004\102\004\076\004\100\000\050\004\113\000\051}{section.4.5}% 33
\BOOKMARK [3][-]{subsubsection.4.5.2.1}{\376\377\0004\000.\0005\000.\0002\000.\0001\000\040\000d\000a\000t\000a\000B\000a\000s\000e\000E\000r\000r\000\050\000\051}{subsection.4.5.2}% 34
\BOOKMARK [1][-]{section.4.6}{\376\377\0004\000.\0006\000\040\004\032\004\073\004\060\004\101\004\101\000\040\000l\000o\000g\000E\000r\000r}{chapter.4}% 35
\BOOKMARK [2][-]{subsection.4.6.1}{\376\377\0004\000.\0006\000.\0001\000\040\004\037\004\076\004\064\004\100\004\076\004\061\004\075\004\076\004\065\000\040\004\076\004\077\004\070\004\101\004\060\004\075\004\070\004\065}{section.4.6}% 36
\BOOKMARK [2][-]{subsection.4.6.2}{\376\377\0004\000.\0006\000.\0002\000\040\004\032\004\076\004\075\004\101\004\102\004\100\004\103\004\072\004\102\004\076\004\100\000\050\004\113\000\051}{section.4.6}% 37
\BOOKMARK [3][-]{subsubsection.4.6.2.1}{\376\377\0004\000.\0006\000.\0002\000.\0001\000\040\000l\000o\000g\000E\000r\000r\000\050\000\051}{subsection.4.6.2}% 38
\BOOKMARK [1][-]{section.4.7}{\376\377\0004\000.\0007\000\040\004\032\004\073\004\060\004\101\004\101\000\040\000L\000o\000g\000g\000e\000r}{chapter.4}% 39
\BOOKMARK [2][-]{subsection.4.7.1}{\376\377\0004\000.\0007\000.\0001\000\040\004\037\004\076\004\064\004\100\004\076\004\061\004\075\004\076\004\065\000\040\004\076\004\077\004\070\004\101\004\060\004\075\004\070\004\065}{section.4.7}% 40
\BOOKMARK [2][-]{subsection.4.7.2}{\376\377\0004\000.\0007\000.\0002\000\040\004\032\004\076\004\075\004\101\004\102\004\100\004\103\004\072\004\102\004\076\004\100\000\050\004\113\000\051}{section.4.7}% 41
\BOOKMARK [3][-]{subsubsection.4.7.2.1}{\376\377\0004\000.\0007\000.\0002\000.\0001\000\040\000L\000o\000g\000g\000e\000r\000\050\000\051\000\040\000[\0001\000/\0002\000]}{subsection.4.7.2}% 42
\BOOKMARK [3][-]{subsubsection.4.7.2.2}{\376\377\0004\000.\0007\000.\0002\000.\0002\000\040\000L\000o\000g\000g\000e\000r\000\050\000\051\000\040\000[\0002\000/\0002\000]}{subsection.4.7.2}% 43
\BOOKMARK [2][-]{subsection.4.7.3}{\376\377\0004\000.\0007\000.\0003\000\040\004\034\004\065\004\102\004\076\004\064\004\113}{section.4.7}% 44
\BOOKMARK [3][-]{subsubsection.4.7.3.1}{\376\377\0004\000.\0007\000.\0003\000.\0001\000\040\000g\000e\000t\000L\000o\000c\000a\000l\000D\000a\000t\000e\000T\000i\000m\000e\000\050\000\051}{subsection.4.7.3}% 45
\BOOKMARK [3][-]{subsubsection.4.7.3.2}{\376\377\0004\000.\0007\000.\0003\000.\0002\000\040\000s\000e\000t\000L\000o\000g\000P\000a\000t\000h\000\050\000\051}{subsection.4.7.3}% 46
\BOOKMARK [3][-]{subsubsection.4.7.3.3}{\376\377\0004\000.\0007\000.\0003\000.\0003\000\040\000w\000r\000i\000t\000e\000l\000o\000g\000\050\000\051}{subsection.4.7.3}% 47
\BOOKMARK [2][-]{subsection.4.7.4}{\376\377\0004\000.\0007\000.\0004\000\040\004\024\004\060\004\075\004\075\004\113\004\065\000\040\004\072\004\073\004\060\004\101\004\101\004\060}{section.4.7}% 48
\BOOKMARK [3][-]{subsubsection.4.7.4.1}{\376\377\0004\000.\0007\000.\0004\000.\0001\000\040\000p\000a\000t\000h\000L\000o\000g\000F\000i\000l\000e}{subsection.4.7.4}% 49
\BOOKMARK [1][-]{section.4.8}{\376\377\0004\000.\0008\000\040\004\041\004\102\004\100\004\103\004\072\004\102\004\103\004\100\004\060\000\040\000U\000s\000e\000r\000I\000n\000t\000e\000r\000f\000a\000c\000e\000:\000:\000P\000a\000r\000a\000m\000s}{chapter.4}% 50
\BOOKMARK [2][-]{subsection.4.8.1}{\376\377\0004\000.\0008\000.\0001\000\040\004\037\004\076\004\064\004\100\004\076\004\061\004\075\004\076\004\065\000\040\004\076\004\077\004\070\004\101\004\060\004\075\004\070\004\065}{section.4.8}% 51
\BOOKMARK [2][-]{subsection.4.8.2}{\376\377\0004\000.\0008\000.\0002\000\040\004\034\004\065\004\102\004\076\004\064\004\113}{section.4.8}% 52
\BOOKMARK [3][-]{subsubsection.4.8.2.1}{\376\377\0004\000.\0008\000.\0002\000.\0001\000\040\000d\000\137\000d\000e\000f\000a\000u\000l\000t\000\050\000\051}{subsection.4.8.2}% 53
\BOOKMARK [3][-]{subsubsection.4.8.2.2}{\376\377\0004\000.\0008\000.\0002\000.\0002\000\040\000l\000\137\000d\000e\000f\000a\000u\000l\000t\000\050\000\051}{subsection.4.8.2}% 54
\BOOKMARK [3][-]{subsubsection.4.8.2.3}{\376\377\0004\000.\0008\000.\0002\000.\0003\000\040\000p\000\137\000d\000e\000f\000a\000u\000l\000t\000\050\000\051}{subsection.4.8.2}% 55
\BOOKMARK [2][-]{subsection.4.8.3}{\376\377\0004\000.\0008\000.\0003\000\040\004\024\004\060\004\075\004\075\004\113\004\065\000\040\004\072\004\073\004\060\004\101\004\101\004\060}{section.4.8}% 56
\BOOKMARK [3][-]{subsubsection.4.8.3.1}{\376\377\0004\000.\0008\000.\0003\000.\0001\000\040\000d}{subsection.4.8.3}% 57
\BOOKMARK [3][-]{subsubsection.4.8.3.2}{\376\377\0004\000.\0008\000.\0003\000.\0002\000\040\000l}{subsection.4.8.3}% 58
\BOOKMARK [3][-]{subsubsection.4.8.3.3}{\376\377\0004\000.\0008\000.\0003\000.\0003\000\040\000p}{subsection.4.8.3}% 59
\BOOKMARK [1][-]{section.4.9}{\376\377\0004\000.\0009\000\040\004\032\004\073\004\060\004\101\004\101\000\040\000S\000e\000r\000v\000e\000r}{chapter.4}% 60
\BOOKMARK [2][-]{subsection.4.9.1}{\376\377\0004\000.\0009\000.\0001\000\040\004\037\004\076\004\064\004\100\004\076\004\061\004\075\004\076\004\065\000\040\004\076\004\077\004\070\004\101\004\060\004\075\004\070\004\065}{section.4.9}% 61
\BOOKMARK [2][-]{subsection.4.9.2}{\376\377\0004\000.\0009\000.\0002\000\040\004\034\004\065\004\102\004\076\004\064\004\113}{section.4.9}% 62
\BOOKMARK [3][-]{subsubsection.4.9.2.1}{\376\377\0004\000.\0009\000.\0002\000.\0001\000\040\000c\000o\000n\000n\000e\000c\000t\000i\000o\000n\000\050\000\051}{subsection.4.9.2}% 63
\BOOKMARK [3][-]{subsubsection.4.9.2.2}{\376\377\0004\000.\0009\000.\0002\000.\0002\000\040\000s\000h\000a\0002\0002\0004\000\050\000\051}{subsection.4.9.2}% 64
\BOOKMARK [1][-]{section.4.10}{\376\377\0004\000.\0001\0000\000\040\004\032\004\073\004\060\004\101\004\101\000\040\000U\000s\000e\000r\000I\000n\000t\000e\000r\000f\000a\000c\000e}{chapter.4}% 65
\BOOKMARK [2][-]{subsection.4.10.1}{\376\377\0004\000.\0001\0000\000.\0001\000\040\004\037\004\076\004\064\004\100\004\076\004\061\004\075\004\076\004\065\000\040\004\076\004\077\004\070\004\101\004\060\004\075\004\070\004\065}{section.4.10}% 66
\BOOKMARK [2][-]{subsection.4.10.2}{\376\377\0004\000.\0001\0000\000.\0002\000\040\004\034\004\065\004\102\004\076\004\064\004\113}{section.4.10}% 67
\BOOKMARK [3][-]{subsubsection.4.10.2.1}{\376\377\0004\000.\0001\0000\000.\0002\000.\0001\000\040\000i\000n\000t\000e\000r\000f\000a\000c\000e\000\050\000\051}{subsection.4.10.2}% 68
\BOOKMARK [2][-]{subsection.4.10.3}{\376\377\0004\000.\0001\0000\000.\0003\000\040\004\024\004\060\004\075\004\075\004\113\004\065\000\040\004\072\004\073\004\060\004\101\004\101\004\060}{section.4.10}% 69
\BOOKMARK [3][-]{subsubsection.4.10.3.1}{\376\377\0004\000.\0001\0000\000.\0003\000.\0001\000\040\000p\000a\000r\000a\000m\000s}{subsection.4.10.3}% 70
\BOOKMARK [0][-]{chapter.5}{\376\377\0005\000\040\004\044\004\060\004\071\004\073\004\113}{}% 71
\BOOKMARK [1][-]{section.5.1}{\376\377\0005\000.\0001\000\040\004\044\004\060\004\071\004\073\000\040\000/\000h\000o\000m\000e\000/\000s\000t\000u\000d\000/\004\027\004\060\004\063\004\100\004\103\004\067\004\072\004\070\000/\000T\000i\000M\000P\000/\000T\000i\000M\000P\000\137\000K\000/\000S\000e\000r\000v\000e\000r\000.\000c\000p\000p}{chapter.5}% 72
\BOOKMARK [2][-]{subsection.5.1.1}{\376\377\0005\000.\0001\000.\0001\000\040\004\037\004\076\004\064\004\100\004\076\004\061\004\075\004\076\004\065\000\040\004\076\004\077\004\070\004\101\004\060\004\075\004\070\004\065}{section.5.1}% 73
\BOOKMARK [1][-]{section.5.2}{\376\377\0005\000.\0002\000\040\004\044\004\060\004\071\004\073\000\040\000/\000h\000o\000m\000e\000/\000s\000t\000u\000d\000/\004\027\004\060\004\063\004\100\004\103\004\067\004\072\004\070\000/\000T\000i\000M\000P\000/\000T\000i\000M\000P\000\137\000K\000/\000m\000a\000i\000n\000.\000c\000p\000p}{chapter.5}% 74
\BOOKMARK [2][-]{subsection.5.2.1}{\376\377\0005\000.\0002\000.\0001\000\040\004\044\004\103\004\075\004\072\004\106\004\070\004\070}{section.5.2}% 75
\BOOKMARK [3][-]{subsubsection.5.2.1.1}{\376\377\0005\000.\0002\000.\0001\000.\0001\000\040\000m\000a\000i\000n\000\050\000\051}{subsection.5.2.1}% 76
\BOOKMARK [1][-]{section.5.3}{\376\377\0005\000.\0003\000\040\004\044\004\060\004\071\004\073\000\040\000/\000h\000o\000m\000e\000/\000s\000t\000u\000d\000/\004\027\004\060\004\063\004\100\004\103\004\067\004\072\004\070\000/\000T\000i\000M\000P\000/\000T\000i\000M\000P\000\137\000K\000/\000C\000a\000l\000c\000u\000l\000a\000t\000o\000r\000.\000c\000p\000p}{chapter.5}% 77
\BOOKMARK [2][-]{subsection.5.3.1}{\376\377\0005\000.\0003\000.\0001\000\040\004\037\004\076\004\064\004\100\004\076\004\061\004\075\004\076\004\065\000\040\004\076\004\077\004\070\004\101\004\060\004\075\004\070\004\065}{section.5.3}% 78
\BOOKMARK [1][-]{section.5.4}{\376\377\0005\000.\0004\000\040\004\044\004\060\004\071\004\073\000\040\000/\000h\000o\000m\000e\000/\000s\000t\000u\000d\000/\004\027\004\060\004\063\004\100\004\103\004\067\004\072\004\070\000/\000T\000i\000M\000P\000/\000T\000i\000M\000P\000\137\000K\000/\000U\000n\000i\000t\000T\000e\000s\000t\000.\000c\000p\000p}{chapter.5}% 79
\BOOKMARK [2][-]{subsection.5.4.1}{\376\377\0005\000.\0004\000.\0001\000\040\004\044\004\103\004\075\004\072\004\106\004\070\004\070}{section.5.4}% 80
\BOOKMARK [3][-]{subsubsection.5.4.1.1}{\376\377\0005\000.\0004\000.\0001\000.\0001\000\040\000m\000a\000i\000n\000\050\000\051}{subsection.5.4.1}% 81
\BOOKMARK [3][-]{subsubsection.5.4.1.2}{\376\377\0005\000.\0004\000.\0001\000.\0002\000\040\000S\000U\000I\000T\000E\000\050\000\051\000\040\000[\0001\000/\0004\000]}{subsection.5.4.1}% 82
\BOOKMARK [3][-]{subsubsection.5.4.1.3}{\376\377\0005\000.\0004\000.\0001\000.\0003\000\040\000S\000U\000I\000T\000E\000\050\000\051\000\040\000[\0002\000/\0004\000]}{subsection.5.4.1}% 83
\BOOKMARK [3][-]{subsubsection.5.4.1.4}{\376\377\0005\000.\0004\000.\0001\000.\0004\000\040\000S\000U\000I\000T\000E\000\050\000\051\000\040\000[\0003\000/\0004\000]}{subsection.5.4.1}% 84
\BOOKMARK [3][-]{subsubsection.5.4.1.5}{\376\377\0005\000.\0004\000.\0001\000.\0005\000\040\000S\000U\000I\000T\000E\000\050\000\051\000\040\000[\0004\000/\0004\000]}{subsection.5.4.1}% 85
\BOOKMARK [1][-]{section.5.5}{\376\377\0005\000.\0005\000\040\004\044\004\060\004\071\004\073\000\040\000/\000h\000o\000m\000e\000/\000s\000t\000u\000d\000/\004\027\004\060\004\063\004\100\004\103\004\067\004\072\004\070\000/\000T\000i\000M\000P\000/\000T\000i\000M\000P\000\137\000K\000/\000h\000e\000a\000d\000e\000r\000s\000/\000D\000a\000t\000a\000B\000a\000s\000e\000H\000a\000n\000d\000l\000e\000r\000.\000h}{chapter.5}% 86
\BOOKMARK [2][-]{subsection.5.5.1}{\376\377\0005\000.\0005\000.\0001\000\040\004\037\004\076\004\064\004\100\004\076\004\061\004\075\004\076\004\065\000\040\004\076\004\077\004\070\004\101\004\060\004\075\004\070\004\065}{section.5.5}% 87
\BOOKMARK [1][-]{section.5.6}{\376\377\0005\000.\0006\000\040\000D\000a\000t\000a\000B\000a\000s\000e\000H\000a\000n\000d\000l\000e\000r\000.\000h}{chapter.5}% 88
\BOOKMARK [1][-]{section.5.7}{\376\377\0005\000.\0007\000\040\004\044\004\060\004\071\004\073\000\040\000/\000h\000o\000m\000e\000/\000s\000t\000u\000d\000/\004\027\004\060\004\063\004\100\004\103\004\067\004\072\004\070\000/\000T\000i\000M\000P\000/\000T\000i\000M\000P\000\137\000K\000/\000h\000e\000a\000d\000e\000r\000s\000/\000C\000a\000l\000c\000u\000l\000a\000t\000o\000r\000.\000h}{chapter.5}% 89
\BOOKMARK [2][-]{subsection.5.7.1}{\376\377\0005\000.\0007\000.\0001\000\040\004\037\004\076\004\064\004\100\004\076\004\061\004\075\004\076\004\065\000\040\004\076\004\077\004\070\004\101\004\060\004\075\004\070\004\065}{section.5.7}% 90
\BOOKMARK [1][-]{section.5.8}{\376\377\0005\000.\0008\000\040\000C\000a\000l\000c\000u\000l\000a\000t\000o\000r\000.\000h}{chapter.5}% 91
\BOOKMARK [1][-]{section.5.9}{\376\377\0005\000.\0009\000\040\004\044\004\060\004\071\004\073\000\040\000/\000h\000o\000m\000e\000/\000s\000t\000u\000d\000/\004\027\004\060\004\063\004\100\004\103\004\067\004\072\004\070\000/\000T\000i\000M\000P\000/\000T\000i\000M\000P\000\137\000K\000/\000h\000e\000a\000d\000e\000r\000s\000/\000S\000e\000r\000v\000e\000r\000.\000h}{chapter.5}% 92
\BOOKMARK [2][-]{subsection.5.9.1}{\376\377\0005\000.\0009\000.\0001\000\040\004\037\004\076\004\064\004\100\004\076\004\061\004\075\004\076\004\065\000\040\004\076\004\077\004\070\004\101\004\060\004\075\004\070\004\065}{section.5.9}% 93
\BOOKMARK [1][-]{section.5.10}{\376\377\0005\000.\0001\0000\000\040\000S\000e\000r\000v\000e\000r\000.\000h}{chapter.5}% 94
\BOOKMARK [1][-]{section.5.11}{\376\377\0005\000.\0001\0001\000\040\004\044\004\060\004\071\004\073\000\040\000/\000h\000o\000m\000e\000/\000s\000t\000u\000d\000/\004\027\004\060\004\063\004\100\004\103\004\067\004\072\004\070\000/\000T\000i\000M\000P\000/\000T\000i\000M\000P\000\137\000K\000/\000h\000e\000a\000d\000e\000r\000s\000/\000E\000r\000r\000o\000r\000s\000.\000h}{chapter.5}% 95
\BOOKMARK [2][-]{subsection.5.11.1}{\376\377\0005\000.\0001\0001\000.\0001\000\040\004\037\004\076\004\064\004\100\004\076\004\061\004\075\004\076\004\065\000\040\004\076\004\077\004\070\004\101\004\060\004\075\004\070\004\065}{section.5.11}% 96
\BOOKMARK [1][-]{section.5.12}{\376\377\0005\000.\0001\0002\000\040\000E\000r\000r\000o\000r\000s\000.\000h}{chapter.5}% 97
\BOOKMARK [1][-]{section.5.13}{\376\377\0005\000.\0001\0003\000\040\004\044\004\060\004\071\004\073\000\040\000/\000h\000o\000m\000e\000/\000s\000t\000u\000d\000/\004\027\004\060\004\063\004\100\004\103\004\067\004\072\004\070\000/\000T\000i\000M\000P\000/\000T\000i\000M\000P\000\137\000K\000/\000h\000e\000a\000d\000e\000r\000s\000/\000L\000o\000g\000g\000e\000r\000.\000h}{chapter.5}% 98
\BOOKMARK [2][-]{subsection.5.13.1}{\376\377\0005\000.\0001\0003\000.\0001\000\040\004\037\004\076\004\064\004\100\004\076\004\061\004\075\004\076\004\065\000\040\004\076\004\077\004\070\004\101\004\060\004\075\004\070\004\065}{section.5.13}% 99
\BOOKMARK [1][-]{section.5.14}{\376\377\0005\000.\0001\0004\000\040\000L\000o\000g\000g\000e\000r\000.\000h}{chapter.5}% 100
\BOOKMARK [1][-]{section.5.15}{\376\377\0005\000.\0001\0005\000\040\004\044\004\060\004\071\004\073\000\040\000/\000h\000o\000m\000e\000/\000s\000t\000u\000d\000/\004\027\004\060\004\063\004\100\004\103\004\067\004\072\004\070\000/\000T\000i\000M\000P\000/\000T\000i\000M\000P\000\137\000K\000/\000h\000e\000a\000d\000e\000r\000s\000/\000I\000n\000t\000e\000r\000f\000a\000c\000e\000.\000h}{chapter.5}% 101
\BOOKMARK [2][-]{subsection.5.15.1}{\376\377\0005\000.\0001\0005\000.\0001\000\040\004\037\004\076\004\064\004\100\004\076\004\061\004\075\004\076\004\065\000\040\004\076\004\077\004\070\004\101\004\060\004\075\004\070\004\065}{section.5.15}% 102
\BOOKMARK [1][-]{section.5.16}{\376\377\0005\000.\0001\0006\000\040\000I\000n\000t\000e\000r\000f\000a\000c\000e\000.\000h}{chapter.5}% 103
\BOOKMARK [1][-]{section.5.17}{\376\377\0005\000.\0001\0007\000\040\004\044\004\060\004\071\004\073\000\040\000/\000h\000o\000m\000e\000/\000s\000t\000u\000d\000/\004\027\004\060\004\063\004\100\004\103\004\067\004\072\004\070\000/\000T\000i\000M\000P\000/\000T\000i\000M\000P\000\137\000K\000/\000L\000o\000g\000g\000e\000r\000.\000c\000p\000p}{chapter.5}% 104
\BOOKMARK [2][-]{subsection.5.17.1}{\376\377\0005\000.\0001\0007\000.\0001\000\040\004\037\004\076\004\064\004\100\004\076\004\061\004\075\004\076\004\065\000\040\004\076\004\077\004\070\004\101\004\060\004\075\004\070\004\065}{section.5.17}% 105
\BOOKMARK [1][-]{section.5.18}{\376\377\0005\000.\0001\0008\000\040\004\044\004\060\004\071\004\073\000\040\000/\000h\000o\000m\000e\000/\000s\000t\000u\000d\000/\004\027\004\060\004\063\004\100\004\103\004\067\004\072\004\070\000/\000T\000i\000M\000P\000/\000T\000i\000M\000P\000\137\000K\000/\000I\000n\000t\000e\000r\000f\000a\000c\000e\000.\000c\000p\000p}{chapter.5}% 106
\BOOKMARK [2][-]{subsection.5.18.1}{\376\377\0005\000.\0001\0008\000.\0001\000\040\004\037\004\076\004\064\004\100\004\076\004\061\004\075\004\076\004\065\000\040\004\076\004\077\004\070\004\101\004\060\004\075\004\070\004\065}{section.5.18}% 107
\BOOKMARK [1][-]{section.5.19}{\376\377\0005\000.\0001\0009\000\040\004\044\004\060\004\071\004\073\000\040\000/\000h\000o\000m\000e\000/\000s\000t\000u\000d\000/\004\027\004\060\004\063\004\100\004\103\004\067\004\072\004\070\000/\000T\000i\000M\000P\000/\000T\000i\000M\000P\000\137\000K\000/\000D\000a\000t\000a\000B\000a\000s\000e\000H\000a\000n\000d\000l\000e\000r\000.\000c\000p\000p}{chapter.5}% 108
\BOOKMARK [2][-]{subsection.5.19.1}{\376\377\0005\000.\0001\0009\000.\0001\000\040\004\037\004\076\004\064\004\100\004\076\004\061\004\075\004\076\004\065\000\040\004\076\004\077\004\070\004\101\004\060\004\075\004\070\004\065}{section.5.19}% 109
\BOOKMARK [0][-]{section*.54}{\376\377\004\037\004\100\004\065\004\064\004\074\004\065\004\102\004\075\004\113\004\071\000\040\004\103\004\072\004\060\004\067\004\060\004\102\004\065\004\073\004\114}{}% 110
